mobileguard/build/outputs/logs/manifest-merger-debug-report.txt
-- Merging decision tree log ---
manifest
ADDED from src\main\AndroidManifest.xml:2:1-177:12
	package
		ADDED from src\main\AndroidManifest.xml:3:11-44
		INJECTED from src\main\AndroidManifest.xml
		INJECTED from src\main\AndroidManifest.xml
	android:versionName
		ADDED from src\main\AndroidManifest.xml:5:11-36
		INJECTED from src\main\AndroidManifest.xml
		INJECTED from src\main\AndroidManifest.xml
	android:versionCode
		ADDED from src\main\AndroidManifest.xml:4:11-34
		INJECTED from src\main\AndroidManifest.xml
		INJECTED from src\main\AndroidManifest.xml
	xmlns:android
		ADDED from src\main\AndroidManifest.xml:2:11-69
uses-sdk
ADDED from src\main\AndroidManifest.xml:7:5-9:40
MERGED from [MobileGuard:stickyListHeaders:unspecified] AndroidManifest.xml:7:5-9:41
MERGED from [com.github.lzyzsd:circleprogress:1.1.0] AndroidManifest.xml:7:5-9:41
	android:targetSdkVersion
		ADDED from src\main\AndroidManifest.xml:9:9-38
		INJECTED from src\main\AndroidManifest.xml
		INJECTED from src\main\AndroidManifest.xml
	android:minSdkVersion
		ADDED from src\main\AndroidManifest.xml:8:9-35
		INJECTED from src\main\AndroidManifest.xml
		INJECTED from src\main\AndroidManifest.xml
uses-permission#android.permission.WRITE_EXTERNAL_STORAGE
ADDED from src\main\AndroidManifest.xml:11:5-80
	android:name
		ADDED from src\main\AndroidManifest.xml:11:22-78
uses-permission#android.permission.INTERNET
ADDED from src\main\AndroidManifest.xml:12:5-66
	android:name
		ADDED from src\main\AndroidManifest.xml:12:22-64
uses-permission#android.permission.READ_PHONE_STATE
ADDED from src\main\AndroidManifest.xml:13:5-74
	android:name
		ADDED from src\main\AndroidManifest.xml:13:22-72
uses-permission#android.permission.READ_CONTACTS
ADDED from src\main\AndroidManifest.xml:14:5-71
	android:name
		ADDED from src\main\AndroidManifest.xml:14:22-69
uses-permission#android.permission.SEND_SMS
ADDED from src\main\AndroidManifest.xml:15:5-66
	android:name
		ADDED from src\main\AndroidManifest.xml:15:22-64
uses-permission#android.permission.RECEIVE_BOOT_COMPLETED
ADDED from src\main\AndroidManifest.xml:16:5-80
	android:name
		ADDED from src\main\AndroidManifest.xml:16:22-78
uses-permission#android.permission.RECEIVE_SMS
ADDED from src\main\AndroidManifest.xml:17:5-69
	android:name
		ADDED from src\main\AndroidManifest.xml:17:22-67
uses-permission#android.permission.ACCESS_FINE_LOCATION
ADDED from src\main\AndroidManifest.xml:18:5-78
	android:name
		ADDED from src\main\AndroidManifest.xml:18:22-76
uses-permission#android.permission.READ_EXTERNAL_STORAGE
ADDED from src\main\AndroidManifest.xml:19:5-79
	android:name
		ADDED from src\main\AndroidManifest.xml:19:22-77
uses-permission#android.permission.CALL_PHONE
ADDED from src\main\AndroidManifest.xml:20:5-68
	android:name
		ADDED from src\main\AndroidManifest.xml:20:22-66
uses-permission#android.permission.PROCESS_OUTGOING_CALLS
ADDED from src\main\AndroidManifest.xml:21:5-80
	android:name
		ADDED from src\main\AndroidManifest.xml:21:22-78
uses-permission#android.permission.SYSTEM_ALERT_WINDOW
ADDED from src\main\AndroidManifest.xml:22:5-77
	android:name
		ADDED from src\main\AndroidManifest.xml:22:22-75
uses-permission#android.permission.READ_SMS
ADDED from src\main\AndroidManifest.xml:23:5-66
	android:name
		ADDED from src\main\AndroidManifest.xml:23:22-64
uses-permission#android.permission.KILL_BACKGROUND_PROCESSES
ADDED from src\main\AndroidManifest.xml:24:5-83
	android:name
		ADDED from src\main\AndroidManifest.xml:24:22-81
uses-permission#android.permission.WRITE_SMS
ADDED from src\main\AndroidManifest.xml:25:5-67
	android:name
		ADDED from src\main\AndroidManifest.xml:25:22-65
uses-permission#android.permission.GET_PACKAGE_SIZE
ADDED from src\main\AndroidManifest.xml:26:5-74
	android:name
		ADDED from src\main\AndroidManifest.xml:26:22-72
uses-permission#android.permission.CLEAR_APP_CACHE
ADDED from src\main\AndroidManifest.xml:27:5-73
	android:name
		ADDED from src\main\AndroidManifest.xml:27:22-71
application
ADDED from src\main\AndroidManifest.xml:29:5-175:19
	android:label
		ADDED from src\main\AndroidManifest.xml:32:9-41
	android:allowBackup
		ADDED from src\main\AndroidManifest.xml:30:9-35
	android:icon
		ADDED from src\main\AndroidManifest.xml:31:9-45
	android:theme
		ADDED from src\main\AndroidManifest.xml:33:9-77
activity#com.example.mobileguard.activity.LogoActivity
ADDED from src\main\AndroidManifest.xml:34:9-42:20
	android:theme
		ADDED from src\main\AndroidManifest.xml:36:13-92
	android:name
		ADDED from src\main\AndroidManifest.xml:35:13-50
intent-filter#android.intent.action.MAIN+android.intent.category.LAUNCHER
ADDED from src\main\AndroidManifest.xml:37:13-41:29
action#android.intent.action.MAIN
ADDED from src\main\AndroidManifest.xml:38:17-68
	android:name
		ADDED from src\main\AndroidManifest.xml:38:25-66
category#android.intent.category.LAUNCHER
ADDED from src\main\AndroidManifest.xml:40:17-76
	android:name
		ADDED from src\main\AndroidManifest.xml:40:27-74
activity#com.example.mobileguard.activity.MainActivity
ADDED from src\main\AndroidManifest.xml:43:9-46:20
	android:label
		ADDED from src\main\AndroidManifest.xml:45:13-45
	android:name
		ADDED from src\main\AndroidManifest.xml:44:13-50
activity#com.example.mobileguard.activity.SettingActivity
ADDED from src\main\AndroidManifest.xml:47:9-50:20
	android:label
		ADDED from src\main\AndroidManifest.xml:49:13-59
	android:name
		ADDED from src\main\AndroidManifest.xml:48:13-53
activity#com.example.mobileguard.activity.AntiTheftGuide1Activity
ADDED from src\main\AndroidManifest.xml:51:9-54:20
	android:label
		ADDED from src\main\AndroidManifest.xml:53:13-69
	android:name
		ADDED from src\main\AndroidManifest.xml:52:13-61
activity#com.example.mobileguard.activity.AntiTheftGuide2Activity
ADDED from src\main\AndroidManifest.xml:55:9-58:20
	android:label
		ADDED from src\main\AndroidManifest.xml:57:13-69
	android:name
		ADDED from src\main\AndroidManifest.xml:56:13-61
activity#com.example.mobileguard.activity.AntiTheftGuide3Activity
ADDED from src\main\AndroidManifest.xml:59:9-62:20
	android:label
		ADDED from src\main\AndroidManifest.xml:61:13-69
	android:name
		ADDED from src\main\AndroidManifest.xml:60:13-61
activity#com.example.mobileguard.activity.AntiTheftGuide4Activity
ADDED from src\main\AndroidManifest.xml:63:9-66:20
	android:label
		ADDED from src\main\AndroidManifest.xml:65:13-69
	android:name
		ADDED from src\main\AndroidManifest.xml:64:13-61
activity#com.example.mobileguard.activity.AntiTheftGuide5Activity
ADDED from src\main\AndroidManifest.xml:67:9-70:20
	android:label
		ADDED from src\main\AndroidManifest.xml:69:13-69
	android:name
		ADDED from src\main\AndroidManifest.xml:68:13-61
activity#com.example.mobileguard.activity.AntiTheftActivity
ADDED from src\main\AndroidManifest.xml:71:9-74:20
	android:label
		ADDED from src\main\AndroidManifest.xml:73:13-62
	android:name
		ADDED from src\main\AndroidManifest.xml:72:13-55
activity#com.example.mobileguard.activity.ContactListActivity
ADDED from src\main\AndroidManifest.xml:75:9-78:20
	android:label
		ADDED from src\main\AndroidManifest.xml:77:13-64
	android:name
		ADDED from src\main\AndroidManifest.xml:76:13-57
receiver#com.example.mobileguard.receiver.BootReceiver
ADDED from src\main\AndroidManifest.xml:80:9-84:20
	android:name
		ADDED from src\main\AndroidManifest.xml:80:19-56
intent-filter#android.intent.action.BOOT_COMPLETED
ADDED from src\main\AndroidManifest.xml:81:13-83:29
	android:priority
		ADDED from src\main\AndroidManifest.xml:81:28-57
action#android.intent.action.BOOT_COMPLETED
ADDED from src\main\AndroidManifest.xml:82:17-78
	android:name
		ADDED from src\main\AndroidManifest.xml:82:25-76
receiver#com.example.mobileguard.receiver.SMSReceiver
ADDED from src\main\AndroidManifest.xml:85:9-89:20
	android:name
		ADDED from src\main\AndroidManifest.xml:85:19-55
intent-filter#android.provider.Telephony.SMS_RECEIVED
ADDED from src\main\AndroidManifest.xml:86:13-88:29
	android:priority
		ADDED from src\main\AndroidManifest.xml:86:28-57
action#android.provider.Telephony.SMS_RECEIVED
ADDED from src\main\AndroidManifest.xml:87:17-81
	android:name
		ADDED from src\main\AndroidManifest.xml:87:25-79
receiver#com.example.mobileguard.receiver.UserDeviceAdminReceiver
ADDED from src\main\AndroidManifest.xml:90:9-101:20
	android:label
		ADDED from src\main\AndroidManifest.xml:92:13-45
	android:permission
		ADDED from src\main\AndroidManifest.xml:93:13-70
	android:name
		ADDED from src\main\AndroidManifest.xml:91:13-61
meta-data#android.app.device_admin
ADDED from src\main\AndroidManifest.xml:94:13-96:55
	android:resource
		ADDED from src\main\AndroidManifest.xml:96:17-53
	android:name
		ADDED from src\main\AndroidManifest.xml:95:17-56
intent-filter#android.app.action.DEVICE_ADMIN_ENABLED
ADDED from src\main\AndroidManifest.xml:98:13-100:29
action#android.app.action.DEVICE_ADMIN_ENABLED
ADDED from src\main\AndroidManifest.xml:99:17-81
	android:name
		ADDED from src\main\AndroidManifest.xml:99:25-79
receiver#com.example.mobileguard.activity.WindowWidgetProvider
ADDED from src\main\AndroidManifest.xml:102:9-110:20
	android:name
		ADDED from src\main\AndroidManifest.xml:102:19-64
intent-filter#android.appwidget.action.APPWIDGET_UPDATE
ADDED from src\main\AndroidManifest.xml:103:13-105:29
action#android.appwidget.action.APPWIDGET_UPDATE
ADDED from src\main\AndroidManifest.xml:104:17-83
	android:name
		ADDED from src\main\AndroidManifest.xml:104:25-81
meta-data#android.appwidget.provider
ADDED from src\main\AndroidManifest.xml:107:13-109:66
	android:resource
		ADDED from src\main\AndroidManifest.xml:109:17-64
	android:name
		ADDED from src\main\AndroidManifest.xml:108:17-58
service#com.example.mobileguard.service.GPSService
ADDED from src\main\AndroidManifest.xml:112:9-113:19
	android:name
		ADDED from src\main\AndroidManifest.xml:112:18-52
service#com.example.mobileguard.service.LocationService
ADDED from src\main\AndroidManifest.xml:114:9-115:19
	android:name
		ADDED from src\main\AndroidManifest.xml:114:18-57
service#com.example.mobileguard.service.BlackNumberService
ADDED from src\main\AndroidManifest.xml:116:9-117:19
	android:name
		ADDED from src\main\AndroidManifest.xml:116:18-60
service#com.example.mobileguard.service.AutoCleanService
ADDED from src\main\AndroidManifest.xml:118:9-119:19
	android:name
		ADDED from src\main\AndroidManifest.xml:118:18-58
service#com.example.mobileguard.service.ProtectedService
ADDED from src\main\AndroidManifest.xml:120:9-121:19
	android:name
		ADDED from src\main\AndroidManifest.xml:120:18-58
service#com.example.mobileguard.service.OneKeyCleanService
ADDED from src\main\AndroidManifest.xml:122:9-123:19
	android:name
		ADDED from src\main\AndroidManifest.xml:122:18-60
service#com.example.mobileguard.service.KillProcessService
ADDED from src\main\AndroidManifest.xml:124:9-125:19
	android:name
		ADDED from src\main\AndroidManifest.xml:124:18-60
activity#com.example.mobileguard.activity.BlackListActivity
ADDED from src\main\AndroidManifest.xml:127:9-130:20
	android:label
		ADDED from src\main\AndroidManifest.xml:129:13-62
	android:name
		ADDED from src\main\AndroidManifest.xml:128:13-55
activity#com.example.mobileguard.activity.AddBlackActivity
ADDED from src\main\AndroidManifest.xml:131:9-134:20
	android:label
		ADDED from src\main\AndroidManifest.xml:133:13-61
	android:name
		ADDED from src\main\AndroidManifest.xml:132:13-54
activity#com.example.mobileguard.activity.TestActivity
ADDED from src\main\AndroidManifest.xml:135:9-143:20
	android:label
		ADDED from src\main\AndroidManifest.xml:137:13-56
	android:name
		ADDED from src\main\AndroidManifest.xml:136:13-50
activity#com.example.mobileguard.activity.ToolsActivity
ADDED from src\main\AndroidManifest.xml:144:9-147:20
	android:label
		ADDED from src\main\AndroidManifest.xml:146:13-57
	android:name
		ADDED from src\main\AndroidManifest.xml:145:13-51
activity#com.example.mobileguard.activity.PhoneLoctionActivity
ADDED from src\main\AndroidManifest.xml:148:9-151:20
	android:label
		ADDED from src\main\AndroidManifest.xml:150:13-65
	android:name
		ADDED from src\main\AndroidManifest.xml:149:13-58
activity#com.example.mobileguard.activity.CommonNumActivity
ADDED from src\main\AndroidManifest.xml:152:9-155:20
	android:label
		ADDED from src\main\AndroidManifest.xml:154:13-62
	android:name
		ADDED from src\main\AndroidManifest.xml:153:13-55
activity#com.example.mobileguard.activity.APPManagerActivity
ADDED from src\main\AndroidManifest.xml:156:9-159:20
	android:label
		ADDED from src\main\AndroidManifest.xml:158:13-64
	android:name
		ADDED from src\main\AndroidManifest.xml:157:13-56
activity#com.example.mobileguard.activity.TrafficActivity
ADDED from src\main\AndroidManifest.xml:160:9-163:20
	android:label
		ADDED from src\main\AndroidManifest.xml:162:13-59
	android:name
		ADDED from src\main\AndroidManifest.xml:161:13-53
activity#com.example.mobileguard.activity.ProcessManagerActivity
ADDED from src\main\AndroidManifest.xml:164:9-167:20
	android:label
		ADDED from src\main\AndroidManifest.xml:166:13-67
	android:name
		ADDED from src\main\AndroidManifest.xml:165:13-60
activity#com.example.mobileguard.activity.AppLockActivity
ADDED from src\main\AndroidManifest.xml:168:9-170:46
	android:label
		ADDED from src\main\AndroidManifest.xml:170:13-44
	android:name
		ADDED from src\main\AndroidManifest.xml:169:13-53
activity#com.example.mobileguard.activity.CleanCacheActivity
ADDED from src\main\AndroidManifest.xml:171:9-172:20
	android:name
		ADDED from src\main\AndroidManifest.xml:171:19-62
activity#com.example.mobileguard.activity.VirusCleanActivity
ADDED from src\main\AndroidManifest.xml:173:9-174:20
	android:name
		ADDED from src\main\AndroidManifest.xml:173:19-62